<?xml version="1.0" encoding="UTF-8"?>
<testsuite name="com.jobhunt.HealthControllerTest" tests="1" skipped="0" failures="0" errors="0" timestamp="2026-04-04T21:48:52" hostname="Bubbles-Mini.ht.home" time="0.74">
  <properties/>
  <testcase name="GET health returns 200 without auth()" classname="com.jobhunt.HealthControllerTest" time="0.74"/>
  <system-out><![CDATA[17:48:52.112 [Test worker] INFO org.springframework.test.context.support.AnnotationConfigContextLoaderUtils -- Could not detect default configuration classes for test class [com.jobhunt.HealthControllerTest]: HealthControllerTest does not declare any static, non-private, non-final, nested classes annotated with @Configuration.
17:48:52.156 [Test worker] INFO org.springframework.boot.test.context.SpringBootTestContextBootstrapper -- Found @SpringBootConfiguration com.jobhunt.JobHuntApplication for test class com.jobhunt.HealthControllerTest

  .   ____          _            __ _ _
 /\\ / ___'_ __ _ _(_)_ __  __ _ \ \ \ \
( ( )\___ | '_ | '_| | '_ \/ _` | \ \ \ \
 \\/  ___)| |_)| | | | | || (_| |  ) ) ) )
  '  |____| .__|_| |_|_| |_\__, | / / / /
 =========|_|==============|___/=/_/_/_/
 :: Spring Boot ::                (v3.2.5)

2026-04-04T17:48:52.279-04:00  INFO 94336 --- [    Test worker] com.jobhunt.HealthControllerTest         : Starting HealthControllerTest using Java 21.0.7 with PID 94336 (started by bubbletian in /Users/bubbletian/your-job-hunt/web-service)
2026-04-04T17:48:52.279-04:00  INFO 94336 --- [    Test worker] com.jobhunt.HealthControllerTest         : No active profile set, falling back to 1 default profile: "default"
2026-04-04T17:48:52.579-04:00  WARN 94336 --- [    Test worker] .s.s.UserDetailsServiceAutoConfiguration : 

Using generated security password: 5bed0ca9-fd74-4fdb-a3a5-1b82f080c93a

This generated password is for development use only. Your security configuration must be updated before running your application in production.

2026-04-04T17:48:52.670-04:00  INFO 94336 --- [    Test worker] o.s.s.web.DefaultSecurityFilterChain     : Will secure any request with [org.springframework.security.web.session.DisableEncodeUrlFilter@2744dcae, org.springframework.security.web.context.request.async.WebAsyncManagerIntegrationFilter@16d0e521, org.springframework.security.web.context.SecurityContextHolderFilter@565aa4ac, org.springframework.security.web.header.HeaderWriterFilter@5460edd3, org.springframework.web.filter.CorsFilter@634ca3e7, org.springframework.security.web.authentication.logout.LogoutFilter@2dd1086, org.springframework.security.web.savedrequest.RequestCacheAwareFilter@528c8c1, org.springframework.security.web.servletapi.SecurityContextHolderAwareRequestFilter@1f78d415, org.springframework.security.web.authentication.AnonymousAuthenticationFilter@ab4aa5e, org.springframework.security.web.access.ExceptionTranslationFilter@5e50df2e, org.springframework.security.web.access.intercept.AuthorizationFilter@22a260ff]
2026-04-04T17:48:52.731-04:00  INFO 94336 --- [    Test worker] o.s.b.t.m.w.SpringBootMockServletContext : Initializing Spring TestDispatcherServlet ''
2026-04-04T17:48:52.731-04:00  INFO 94336 --- [    Test worker] o.s.t.web.servlet.TestDispatcherServlet  : Initializing Servlet ''
2026-04-04T17:48:52.732-04:00  INFO 94336 --- [    Test worker] o.s.t.web.servlet.TestDispatcherServlet  : Completed initialization in 1 ms
2026-04-04T17:48:52.742-04:00  INFO 94336 --- [    Test worker] com.jobhunt.HealthControllerTest         : Started HealthControllerTest in 0.559 seconds (process running for 0.945)
]]></system-out>
  <system-err><![CDATA[WARNING: A Java agent has been loaded dynamically (/Users/bubbletian/.gradle/caches/modules-2/files-2.1/net.bytebuddy/byte-buddy-agent/1.14.13/979ce25f7d3096a2e82214ba7dc972a05ce7a171/byte-buddy-agent-1.14.13.jar)
WARNING: If a serviceability tool is in use, please run with -XX:+EnableDynamicAgentLoading to hide this warning
WARNING: If a serviceability tool is not in use, please run with -Djdk.instrument.traceUsage for more information
WARNING: Dynamic loading of agents will be disallowed by default in a future release
]]></system-err>
</testsuite>
